ncsim 15.20-s039
Linux 3.10.0-957.21.3.el7.x86_64 #1 SMP Tue Jun 18 16:35:19 UTC 2019 x86_64
CPU cores: 32
Limit information:
======================================
cputime			unlimited
filesize		unlimited
datasize		unlimited
stacksize		8192 kbytes
coredumpsize	0 kbytes
memoryuse		unlimited
vmemoryuse		unlimited
descriptors		4096
memorylocked	64 kbytes
maxproc			4096
======================================
(Special)Runtime environment variables:

Runtime environment variables:
XDG_SESSION_ID=50
GUESTFISH_INIT=\e[1;34m
HOSTNAME=cav16
TERM=xterm
SHELL=/bin/bash
HISTSIZE=1000
SSH_CLIENT=140.116.157.23 49729 5614
QTDIR=/usr/lib64/qt-3.3
QTINC=/usr/lib64/qt-3.3/include
SSH_TTY=/dev/pts/7
QT_GRAPHICSSYSTEM_CHECKED=1
USER=N26114950
LS_COLORS=rs=0:di=01;34:ln=01;36:mh=00:pi=40;33:so=01;35:do=01;35:bd=40;33;01:cd=40;33;01:or=40;31;01:mi=01;05;37;41:su=37;41:sg=30;43:ca=30;41:tw=30;42:ow=34;42:st=37;44:ex=01;32:*.tar=01;31:*.tgz=01;31:*.arc=01;31:*.arj=01;31:*.taz=01;31:*.lha=01;31:*.lz4=01;31:*.lzh=01;31:*.lzma=01;31:*.tlz=01;31:*.txz=01;31:*.tzo=01;31:*.t7z=01;31:*.zip=01;31:*.z=01;31:*.Z=01;31:*.dz=01;31:*.gz=01;31:*.lrz=01;31:*.lz=01;31:*.lzo=01;31:*.xz=01;31:*.bz2=01;31:*.bz=01;31:*.tbz=01;31:*.tbz2=01;31:*.tz=01;31:*.deb=01;31:*.rpm=01;31:*.jar=01;31:*.war=01;31:*.ear=01;31:*.sar=01;31:*.rar=01;31:*.alz=01;31:*.ace=01;31:*.zoo=01;31:*.cpio=01;31:*.7z=01;31:*.rz=01;31:*.cab=01;31:*.jpg=01;35:*.jpeg=01;35:*.gif=01;35:*.bmp=01;35:*.pbm=01;35:*.pgm=01;35:*.ppm=01;35:*.tga=01;35:*.xbm=01;35:*.xpm=01;35:*.tif=01;35:*.tiff=01;35:*.png=01;35:*.svg=01;35:*.svgz=01;35:*.mng=01;35:*.pcx=01;35:*.mov=01;35:*.mpg=01;35:*.mpeg=01;35:*.m2v=01;35:*.mkv=01;35:*.webm=01;35:*.ogm=01;35:*.mp4=01;35:*.m4v=01;35:*.mp4v=01;35:*.vob=01;35:*.qt=01;35:*.nuv=01;35:*.wmv=01;35:*.asf=01;35:*.rm=01;35:*.rmvb=01;35:*.flc=01;35:*.avi=01;35:*.fli=01;35:*.flv=01;35:*.gl=01;35:*.dl=01;35:*.xcf=01;35:*.xwd=01;35:*.yuv=01;35:*.cgm=01;35:*.emf=01;35:*.axv=01;35:*.anx=01;35:*.ogv=01;35:*.ogx=01;35:*.aac=01;36:*.au=01;36:*.flac=01;36:*.mid=01;36:*.midi=01;36:*.mka=01;36:*.mp3=01;36:*.mpc=01;36:*.ogg=01;36:*.ra=01;36:*.wav=01;36:*.axa=01;36:*.oga=01;36:*.spx=01;36:*.xspf=01;36:
GUESTFISH_PS1=\[\e[1;32m\]><fs>\[\e[0;31m\] 
MAIL=/var/spool/mail/N26114950
PATH=/usr/cad/cadence/INNOVUS/cur/tools/celtic/bin:/usr/cad/cadence/INNOVUS/cur/tools/plato/bin:/usr/cad/cadence/INNOVUS/cur/tools/dfII/bin:/usr/cad/cadence/INNOVUS/cur/tools/bin:/usr/cad/cadence/INNOVUS/cur//tools/tlfUtil/bin:/usr/cad/synopsys/vcs/cur/bin:/usr/cad/synopsys/vcs/cur/linux/bin:/usr/cad/synopsys/vcs/cur/linux/util:/usr/cad/synopsys/vcs/cur/linux/flexlm:/cad/xilinx/vivado/SDK/2018.3/bin:/cad/xilinx/vivado/SDK/2018.3/gnu/microblaze/lin/bin:/cad/xilinx/vivado/SDK/2018.3/gnu/arm/lin/bin:/cad/xilinx/vivado/SDK/2018.3/gnu/microblaze/linux_toolchain/lin64_le/bin:/cad/xilinx/vivado/SDK/2018.3/gnu/aarch32/lin/gcc-arm-linux-gnueabi/bin:/cad/xilinx/vivado/SDK/2018.3/gnu/aarch32/lin/gcc-arm-none-eabi/bin:/cad/xilinx/vivado/SDK/2018.3/gnu/aarch64/lin/aarch64-linux/bin:/cad/xilinx/vivado/SDK/2018.3/gnu/aarch64/lin/aarch64-none/bin:/cad/xilinx/vivado/SDK/2018.3/gnu/armr5/lin/gcc-arm-none-eabi/bin:/cad/xilinx/vivado/SDK/2018.3/tps/lnx64/cmake-3.3.2/bin:/cad/xilinx/vivado/Vivado/2018.3/bin:/cad/xilinx/vivado/DocNav:/opt/RISCV/bin:/usr/cad/synopsys/verdi/cur/bin:/usr/cad/synopsys/verdi/cur/nLint/bin:/usr/bin/X11:/usr/cad/synopsys/coreConsultant/cur/bin:/usr/cad/synopsys/synthesis/cur/amd64/syn/bin:/usr/cad/synopsys/lc/cur/bin:/usr/cad/modelsim/modelsim/cur/modeltech/bin:/usr/cad/modelsim/modelsim/cur/bin:/usr/cad/cadence/jasper_2022.06/bin:/usr/cad/cadence/INCISIV/cur/tools/bin:/usr/cad/cadence/INCISIV/cur/tools/vtools/vfault/bin:/usr/cad/cadence/INCISIV/cur/tools/dfII/bin:/usr/lib64/qt-3.3/bin:/usr/local/bin:/usr/bin:/usr/local/sbin:/usr/sbin:/home/N26114950/.local/bin:/home/N26114950/bin
PWD=/home/N26114950/N26XXXXXX/sim/DRAM
LANG=en_US.UTF-8
KDEDIRS=/usr
GUESTFISH_OUTPUT=\e[0m
HISTCONTROL=ignoredups
SHLVL=2
HOME=/home/N26114950
LOGNAME=N26114950
QTLIB=/usr/lib64/qt-3.3/lib
XDG_DATA_DIRS=/home/N26114950/.local/share/flatpak/exports/share:/var/lib/flatpak/exports/share:/usr/local/share:/usr/share
SSH_CONNECTION=140.116.157.23 49729 140.116.157.16 5614
LESSOPEN=||/usr/bin/lesspipe.sh %s
XDG_RUNTIME_DIR=/run/user/1049
DISPLAY=localhost:17.0
QT_PLUGIN_PATH=/usr/lib64/kde4/plugins:/usr/lib/kde4/plugins
GUESTFISH_RESTORE=\e[0m
_=/usr/bin/tcsh
HOSTTYPE=x86_64-linux
VENDOR=unknown
OSTYPE=linux
MACHTYPE=x86_64
GROUP=N26114950
HOST=cav16
REMOTEHOST=140.116.157.23
LD_LIBRARY_PATH=:/usr/cad/cadence/INNOVUS/cur//tools/tlfUtil/lib:/usr/cad/synopsys/verdi/cur/share/PLI/IUS/LINUX/:/usr/cad/cadence/INCISIV/cur/tools/lib:/usr/cad/cadence/INCISIV/cur/tools/vtools/vfault/lib:/usr/openwin/lib:/usr/dt/lib:/usr/lib:/usr/local/lib
LM_LICENSE_FILE=5280@lstn:5280@lshc:26585@lstn:26585@lstc:26585@lshc:1717@lstn:1717@lsncku:
MGC_HOME=/usr/cad/modelsim/modelsim/cur
MGC_TMPDIR=/tmp
MGC_LOCATION_MAP=NO_MAP
SYNTHESIS=/usr/cad/synopsys/synthesis/cur
SYN_MAN_DIR=/usr/cad/synopsys/synthesis/cur/doc/syn/man
MANPATH=/usr/cad/synopsys/synthesis/cur/doc/syn/man
SHLIB_PATH=/usr/cad/synopsys/verdi/cur/share/PLI/IUS/LINUX
XILINX_VIVADO=/cad/xilinx/vivado/Vivado/2018.3
VCS_HOME=/usr/cad/synopsys/vcs/cur
VCS_CC=gcc
ENCOUNTER=/usr/cad/cadence/INNOVUS/cur/tools/fe
_IRUNROOT_=/usr/cad/cadence/INCISIV/cur/tools
CDS_ARCH=lnx86
NCRUNMODE=ncverilog:./INCA_libs/irun.lnx86.15.20.nc
IRUNBATCH=FALSE
IMPERAS_PORT_FILE=.vsp_ovp_gdb_port
TCL_LIBRARY=/usr/cad/cadence/INCISIV/cur/tools/inca/files/tcl/library
Runtime command line arguments:
argv[0]=ncverilog
argv[1]=DRAM_tb.sv
81 profile - 100
          CPU/Mem usage: 0.040 sys,  0.050 user,  60.59M sys,  0.00M vm
82 VC callback profile - scalar:0 vector:0
83 Wed Nov 16 17:20:09 2022
84 pliAppInit
85 FSDB_GATE is disabled.
86 Enable Parallel Dumping.
87 pliAppMiscSet: New Sim Round
88 pliEntryInit
89 LIBSSCORE=found /usr/cad/synopsys/verdi/cur/share/PLI/IUS/LINUX/libsscore_ius152.so through $LD_LIBRARY_PATH setting.
90 argv[0]: test.fsdb
91 argv[0]: 0
92 argv[1]: (handle)0xb6a4bf8 test
93 FSDB Dumper for IUS, Release Verdi_Q-2020.03, Linux, 02/09/2020
94 (C) 1996 - 2020 by Synopsys, Inc.
95 sps_call_fsdbDumpfile at 0 : /home/N26114950/N26XXXXXX/sim/DRAM/DRAM_tb.sv(132)
96 argv[0]: test.fsdb
97 *Verdi* FSDB WARNING: The FSDB file already exists. Overwriting the FSDB file may crash the programs that are using this file.
98 *Verdi* : Create FSDB file 'test.fsdb'
99 sps_call_fsdbDumpvars at 0 : /home/N26114950/N26XXXXXX/sim/DRAM/DRAM_tb.sv(133)
100 argv[0]: 0
101 argv[1]: (handle)0xb6a4bf0 test
102 *Verdi* : Begin traversing the scope (test), layer (0).
103 *Verdi* WARNING: [NoReadAccess][FilterOut]Name:test.CK(48)
104 *Verdi* WARNING: [NoReadAccess][FilterOut]Name:test.Q(48)
105 *Verdi* WARNING: [NoReadAccess][FilterOut]Name:test.RST(48)
106 *Verdi* WARNING: [NoReadAccess][FilterOut]Name:test.CSn(48)
107 *Verdi* WARNING: [NoReadAccess][FilterOut]Name:test.WEn(48)
108 *Verdi* WARNING: [NoReadAccess][FilterOut]Name:test.RASn(48)
109 *Verdi* WARNING: [NoReadAccess][FilterOut]Name:test.CASn(48)
110 *Verdi* WARNING: [NoReadAccess][FilterOut]Name:test.A(48)
111 *Verdi* WARNING: [NoReadAccess][FilterOut]Name:test.D(48)
112 *Verdi* WARNING: [NoReadAccess][FilterOut]Name:test.VALID(48)
113 *Verdi* WARNING: [NoReadAccess][FilterOut]Name:test.M1.Q(48)
114 *Verdi* WARNING: [NoReadAccess][FilterOut]Name:test.M1.VALID(48)
115 *Verdi* WARNING: [NoReadAccess][FilterOut]Name:test.M1.i(25)
116 *Verdi* WARNING: [NoReadAccess][FilterOut]Name:test.M1.Memory_byte0(116)
117 *Verdi* WARNING: [NoReadAccess][FilterOut]Name:test.M1.Memory_byte1(116)
118 *Verdi* WARNING: [NoReadAccess][FilterOut]Name:test.M1.Memory_byte2(116)
119 *Verdi* WARNING: [NoReadAccess][FilterOut]Name:test.M1.Memory_byte3(116)
120 *Verdi* WARNING: [NoReadAccess][FilterOut]Name:test.M1.column_delay(48)
121 *Verdi* WARNING: [NoReadAccess][FilterOut]Name:test.M1.row_delay(48)
122 *Verdi* WARNING: [NoReadAccess][FilterOut]Name:test.M1.precharge(48)
123 *Verdi* WARNING: [NoReadAccess][FilterOut]Name:test.M1.latched_WEn(48)
124 *Verdi* WARNING: [NoReadAccess][FilterOut]Name:test.M1.wait_act(48)
125 *Verdi* WARNING: [NoReadAccess][FilterOut]Name:test.M1.row_l(48)
126 *Verdi* WARNING: [NoReadAccess][FilterOut]Name:test.M1.row_pre(48)
127 *Verdi* WARNING: [NoReadAccess][FilterOut]Name:test.M1.addr(48)
128 *Verdi* WARNING: [NoReadAccess][FilterOut]Name:test.M1.CK(36)
129 *Verdi* WARNING: [NoReadAccess][FilterOut]Name:test.M1.RST(36)
130 *Verdi* WARNING: [NoReadAccess][FilterOut]Name:test.M1.CSn(36)
131 *Verdi* WARNING: [NoReadAccess][FilterOut]Name:test.M1.WEn(36)
132 *Verdi* WARNING: [NoReadAccess][FilterOut]Name:test.M1.RASn(36)
133 *Verdi* WARNING: [NoReadAccess][FilterOut]Name:test.M1.CASn(36)
134 *Verdi* WARNING: [NoReadAccess][FilterOut]Name:test.M1.A(36)
135 *Verdi* WARNING: [NoReadAccess][FilterOut]Name:test.M1.D(36)
136 *Verdi* : End of traversing.
137 fsdbDumpvars traverse var: profile - 
          CPU/Mem usage: 0.040 sys,  0.060 user,  143.65M sys,  0.00M vm
                   incr: 0.000 sys,  0.000 user,  4.23M sys,  0.00M vm
                   accu: 0.000 sys,  0.000 user,  4.23M sys,  0.00M vm
              accu incr: 0.000 sys,  0.000 user,  4.23M sys,  0.00M vm

          Count usage: 0 var,  0 idcode,  0 callback
                 incr: 0 var,  0 idcode,  0 callback
                 accu: 0 var,  0 idcode,  0 callback
            accu incr: 0 var,  0 idcode,  0 callback
138 VC callback profile - scalar:0 vector:0
139 Wed Nov 16 17:20:10 2022
140 fsdbDumpvars: profile - 
          CPU/Mem usage: 0.050 sys,  0.060 user,  143.79M sys,  0.00M vm
                   incr: 0.010 sys,  0.000 user,  0.14M sys,  0.00M vm
                   accu: 0.010 sys,  0.000 user,  4.36M sys,  0.00M vm
              accu incr: 0.010 sys,  0.000 user,  0.14M sys,  0.00M vm

          Count usage: 0 var,  0 idcode,  0 callback
                 incr: 0 var,  0 idcode,  0 callback
                 accu: 0 var,  0 idcode,  0 callback
            accu incr: 0 var,  0 idcode,  0 callback
141 VC callback profile - scalar:0 vector:0
142 Wed Nov 16 17:20:10 2022
143 End of simulation at 155500
144 VC callback profile - scalar:0 vector:0
145 Wed Nov 16 17:20:10 2022
146 Begin FSDB profile info:
147 FSDB Writer : bc1(0) bcn(0) mtf/stf(0/0)
FSDB Writer elapsed time : flush(0.044959) io wait(0.000000) theadpool wait(0.000000)
FSDB Writer cpu time : MT Compression : 0
148 End FSDB profile info
149 Parallel profile    -  Flush:3 Expand:0 ProduceWait:0 ConsumerWait:0 BlockUsed:1
150                        ProduceTime:0.128502717 ConsumerTime:0.000000000 Buffer:64MB
151 SimExit
152 Sim process exit
