ncsim 15.20-s039
Linux 3.10.0-957.21.3.el7.x86_64 #1 SMP Tue Jun 18 16:35:19 UTC 2019 x86_64
CPU cores: 32
Limit information:
======================================
cputime			unlimited
filesize		unlimited
datasize		unlimited
stacksize		8192 kbytes
coredumpsize	0 kbytes
memoryuse		unlimited
vmemoryuse		unlimited
descriptors		4096
memorylocked	64 kbytes
maxproc			4096
======================================
(Special)Runtime environment variables:

Runtime environment variables:
REMOTEHOST=140.116.157.23
MANPATH=/usr/cad/synopsys/synthesis/cur/doc/syn/man
XDG_SESSION_ID=35583
GUESTFISH_INIT=\e[1;34m
HOSTNAME=cav16
SHELL=/bin/bash
TERM=xterm
HOST=cav16
HISTSIZE=1000
MAKEFLAGS=
SSH_CLIENT=140.116.157.23 64763 5614
MGC_LOCATION_MAP=NO_MAP
QTDIR=/usr/lib64/qt-3.3
QTINC=/usr/lib64/qt-3.3/include
SSH_TTY=/dev/pts/11
QT_GRAPHICSSYSTEM_CHECKED=1
USER=N26114950
GROUP=N26114950
LS_COLORS=rs=0:di=01;34:ln=01;36:mh=00:pi=40;33:so=01;35:do=01;35:bd=40;33;01:cd=40;33;01:or=40;31;01:mi=01;05;37;41:su=37;41:sg=30;43:ca=30;41:tw=30;42:ow=34;42:st=37;44:ex=01;32:*.tar=01;31:*.tgz=01;31:*.arc=01;31:*.arj=01;31:*.taz=01;31:*.lha=01;31:*.lz4=01;31:*.lzh=01;31:*.lzma=01;31:*.tlz=01;31:*.txz=01;31:*.tzo=01;31:*.t7z=01;31:*.zip=01;31:*.z=01;31:*.Z=01;31:*.dz=01;31:*.gz=01;31:*.lrz=01;31:*.lz=01;31:*.lzo=01;31:*.xz=01;31:*.bz2=01;31:*.bz=01;31:*.tbz=01;31:*.tbz2=01;31:*.tz=01;31:*.deb=01;31:*.rpm=01;31:*.jar=01;31:*.war=01;31:*.ear=01;31:*.sar=01;31:*.rar=01;31:*.alz=01;31:*.ace=01;31:*.zoo=01;31:*.cpio=01;31:*.7z=01;31:*.rz=01;31:*.cab=01;31:*.jpg=01;35:*.jpeg=01;35:*.gif=01;35:*.bmp=01;35:*.pbm=01;35:*.pgm=01;35:*.ppm=01;35:*.tga=01;35:*.xbm=01;35:*.xpm=01;35:*.tif=01;35:*.tiff=01;35:*.png=01;35:*.svg=01;35:*.svgz=01;35:*.mng=01;35:*.pcx=01;35:*.mov=01;35:*.mpg=01;35:*.mpeg=01;35:*.m2v=01;35:*.mkv=01;35:*.webm=01;35:*.ogm=01;35:*.mp4=01;35:*.m4v=01;35:*.mp4v=01;35:*.vob=01;35:*.qt=01;35:*.nuv=01;35:*.wmv=01;35:*.asf=01;35:*.rm=01;35:*.rmvb=01;35:*.flc=01;35:*.avi=01;35:*.fli=01;35:*.flv=01;35:*.gl=01;35:*.dl=01;35:*.xcf=01;35:*.xwd=01;35:*.yuv=01;35:*.cgm=01;35:*.emf=01;35:*.axv=01;35:*.anx=01;35:*.ogv=01;35:*.ogx=01;35:*.aac=01;36:*.au=01;36:*.flac=01;36:*.mid=01;36:*.midi=01;36:*.mka=01;36:*.mp3=01;36:*.mpc=01;36:*.ogg=01;36:*.ra=01;36:*.wav=01;36:*.axa=01;36:*.oga=01;36:*.spx=01;36:*.xspf=01;36:
LD_LIBRARY_PATH=:/usr/cad/cadence/INNOVUS/cur//tools/tlfUtil/lib:/usr/cad/synopsys/verdi/cur/share/PLI/IUS/LINUX/:/usr/cad/cadence/INCISIV/cur/tools/lib:/usr/cad/cadence/INCISIV/cur/tools/vtools/vfault/lib:/usr/openwin/lib:/usr/dt/lib:/usr/lib:/usr/local/lib
MAKE_TERMOUT=/dev/pts/11
HOSTTYPE=x86_64-linux
ENCOUNTER=/usr/cad/cadence/INNOVUS/cur/tools/fe
MAKELEVEL=1
MFLAGS=
GUESTFISH_PS1=\[\e[1;32m\]><fs>\[\e[0;31m\] 
maxpend=1
PATH=/usr/cad/cadence/INNOVUS/cur/tools/celtic/bin:/usr/cad/cadence/INNOVUS/cur/tools/plato/bin:/usr/cad/cadence/INNOVUS/cur/tools/dfII/bin:/usr/cad/cadence/INNOVUS/cur/tools/bin:/usr/cad/cadence/INNOVUS/cur//tools/tlfUtil/bin:/usr/cad/synopsys/vcs/cur/bin:/usr/cad/synopsys/vcs/cur/linux/bin:/usr/cad/synopsys/vcs/cur/linux/util:/usr/cad/synopsys/vcs/cur/linux/flexlm:/cad/xilinx/vivado/SDK/2018.3/bin:/cad/xilinx/vivado/SDK/2018.3/gnu/microblaze/lin/bin:/cad/xilinx/vivado/SDK/2018.3/gnu/arm/lin/bin:/cad/xilinx/vivado/SDK/2018.3/gnu/microblaze/linux_toolchain/lin64_le/bin:/cad/xilinx/vivado/SDK/2018.3/gnu/aarch32/lin/gcc-arm-linux-gnueabi/bin:/cad/xilinx/vivado/SDK/2018.3/gnu/aarch32/lin/gcc-arm-none-eabi/bin:/cad/xilinx/vivado/SDK/2018.3/gnu/aarch64/lin/aarch64-linux/bin:/cad/xilinx/vivado/SDK/2018.3/gnu/aarch64/lin/aarch64-none/bin:/cad/xilinx/vivado/SDK/2018.3/gnu/armr5/lin/gcc-arm-none-eabi/bin:/cad/xilinx/vivado/SDK/2018.3/tps/lnx64/cmake-3.3.2/bin:/cad/xilinx/vivado/Vivado/2018.3/bin:/cad/xilinx/vivado/DocNav:/opt/RISCV/bin:/usr/cad/synopsys/verdi/cur/bin:/usr/cad/synopsys/verdi/cur/nLint/bin:/usr/bin/X11:/usr/cad/synopsys/coreConsultant/cur/bin:/usr/cad/synopsys/synthesis/cur/amd64/syn/bin:/usr/cad/synopsys/lc/cur/bin:/usr/cad/modelsim/modelsim/cur/modeltech/bin:/usr/cad/modelsim/modelsim/cur/bin:/usr/cad/cadence/jasper_2023.03/bin:/usr/cad/cadence/INCISIV/cur/tools/bin:/usr/cad/cadence/INCISIV/cur/tools/vtools/vfault/bin:/usr/cad/cadence/INCISIV/cur/tools/dfII/bin:/usr/lib64/qt-3.3/bin:/usr/local/bin:/usr/bin:/usr/local/sbin:/usr/sbin:/home/N26114950/.local/bin:/home/N26114950/bin
MAIL=/var/spool/mail/N26114950
PWD=/home/N26114950/VSD_backup/HW4/N26114950/build
VCS_HOME=/usr/cad/synopsys/vcs/cur
LANG=en_US.UTF-8
KDEDIRS=/usr
SYNTHESIS=/usr/cad/synopsys/synthesis/cur
GUESTFISH_OUTPUT=\e[0m
VCS_CC=gcc
LM_LICENSE_FILE=5280@lshc:5280@lstc:5280@lstn:26585@lstn:26585@lstc:26585@lshc:1717@lstn:1717@lsncku:
XILINX_VIVADO=/cad/xilinx/vivado/Vivado/2018.3
HISTCONTROL=ignoredups
HOME=/home/N26114950
SHLVL=3
OSTYPE=linux
MGC_HOME=/usr/cad/modelsim/modelsim/cur
MGC_TMPDIR=/tmp
VENDOR=unknown
LOGNAME=N26114950
MACHTYPE=x86_64
MAKE_TERMERR=/dev/pts/11
QTLIB=/usr/lib64/qt-3.3/lib
SSH_CONNECTION=140.116.157.23 64763 140.116.157.16 5614
XDG_DATA_DIRS=/home/N26114950/.local/share/flatpak/exports/share:/var/lib/flatpak/exports/share:/usr/local/share:/usr/share
LESSOPEN=||/usr/bin/lesspipe.sh %s
SHLIB_PATH=/usr/cad/synopsys/verdi/cur/share/PLI/IUS/LINUX
vip_dir=/home/N26114950/VSD_backup/HW4/N26114950/vip
XDG_RUNTIME_DIR=/run/user/1049
DISPLAY=localhost:21.0
SYN_MAN_DIR=/usr/cad/synopsys/synthesis/cur/doc/syn/man
QT_PLUGIN_PATH=/usr/lib64/kde4/plugins:/usr/lib/kde4/plugins
GUESTFISH_RESTORE=\e[0m
_=/usr/cad/cadence/INCISIV/cur/tools/bin/irun
OLDPWD=/home/N26114950/VSD_backup/HW4/N26114950
_IRUNROOT_=/usr/cad/cadence/INCISIV/cur/tools
CDS_ARCH=lnx86
NCRUNMODE=irun:./INCA_libs/irun.lnx86.15.20.nc
IRUNBATCH=FALSE
IMPERAS_PORT_FILE=.vsp_ovp_gdb_port
TCL_LIBRARY=/usr/cad/cadence/INCISIV/cur/tools/inca/files/tcl/library
Runtime command line arguments:
argv[0]=irun
argv[1]=/home/N26114950/VSD_backup/HW4/N26114950/./sim/top_tb_WDT.sv
argv[2]=+incdir+/home/N26114950/VSD_backup/HW4/N26114950/./src+/home/N26114950/VSD_backup/HW4/N26114950/./src/AXI+/home/N26114950/VSD_backup/HW4/N26114950/./include+/home/N26114950/VSD_backup/HW4/N26114950/./sim
argv[3]=+define+prog3
argv[4]=-define
argv[5]=CYCLE=10.0
argv[6]=-define
argv[7]=CYCLE2=100
argv[8]=-define
argv[9]=MAX=1500000
argv[10]=+access+r
argv[11]=+prog_path=/home/N26114950/VSD_backup/HW4/N26114950/./sim/prog3
99 profile - 100
          CPU/Mem usage: 0.060 sys,  0.050 user,  80.29M sys,  0.00M vm
100 VC callback profile - scalar:0 vector:0
101 Wed Sep 27 05:22:50 2023
102 pliAppInit
103 FSDB_GATE is disabled.
104 Enable Parallel Dumping.
105 pliAppMiscSet: New Sim Round
106 pliEntryInit
107 LIBSSCORE=found /usr/cad/synopsys/verdi/cur/share/PLI/IUS/LINUX/libsscore_ius152.so through $LD_LIBRARY_PATH setting.
108 Sim process exit
