ncverilog: 15.20-s039: (c) Copyright 1995-2017 Cadence Design Systems, Inc.
TOOL:	ncverilog	15.20-s039: Started on Sep 21, 2022 at 17:14:09 CST
ncverilog
	Branch_control.sv
file: Branch_control.sv
`include "RISV_def.svh"
                      |
ncvlog: *E,COFILX (Branch_control.sv,1|22): cannot open include file 'RISV_def.svh'.
    uniqeq if(Bran_c_Opcode_i==`JAL_opcode)  //jal
            |
ncvlog: *E,MISEXX (Branch_control.sv,61|12): expecting an '=' or '<=' sign in an assignment [9.2(IEEE)].
    uniqeq if(Bran_c_Opcode_i==`JAL_opcode)  //jal
                                         |
ncvlog: *E,NOTDIR (Branch_control.sv,61|41): `JAL_opcode: not a recognized directive or macro [2.7.3][16.3.1][16(IEEE)].
    uniqeq if(Bran_c_Opcode_i==`JAL_opcode)  //jal
                                          |
ncvlog: *E,ILLPRI (Branch_control.sv,61|42): illegal expression primary [4.2(IEEE)].
    else if(Bran_c_Opcode_i==`JALR_opcode)  //jalr
                                        |
ncvlog: *E,NOTDIR (Branch_control.sv,69|40): `JALR_opcode: not a recognized directive or macro [2.7.3][16.3.1][16(IEEE)].
    else if(Bran_c_Opcode_i==`JALR_opcode)  //jalr
                                         |
ncvlog: *E,ILLPRI (Branch_control.sv,69|41): illegal expression primary [4.2(IEEE)].
    else if(Bran_c_Opcode_i==`Btype_opcode)  //branch
                                         |
ncvlog: *E,NOTDIR (Branch_control.sv,78|41): `Btype_opcode: not a recognized directive or macro [2.7.3][16.3.1][16(IEEE)].
    else if(Bran_c_Opcode_i==`Btype_opcode)  //branch
                                          |
ncvlog: *E,ILLPRI (Branch_control.sv,78|42): illegal expression primary [4.2(IEEE)].
	module worklib.Branch_control:sv
		errors: 7, warnings: 0
ncvlog: *F,NOTOPL: no top-level unit found, must have recursive instances.
ncverilog: *E,VLGERR: An error occurred during parsing.  Review the log file for errors with the code *E and fix those identified problems to proceed.  Exiting with code (status 2).
TOOL:	ncverilog	15.20-s039: Exiting on Sep 21, 2022 at 17:14:09 CST  (total: 00:00:00)
